Loading weights:   0%|          | 0/201 [00:00<?, ?it/s]Loading weights: 100%|##########| 201/201 [00:00<00:00, 2912.23it/s]
Downloading recognition model, please wait. This may take several minutes depending upon your network connection.
Traceback (most recent call last):
  File "C:\Users\user\AppData\Local\Programs\Python\Python310\lib\runpy.py", line 196, in _run_module_as_main
    return _run_code(code, main_globals, None,
  File "C:\Users\user\AppData\Local\Programs\Python\Python310\lib\runpy.py", line 86, in _run_code
    exec(code, run_globals)
  File "D:\Project\542\AI Scam detection\.venv\lib\site-packages\uvicorn\__main__.py", line 4, in <module>
    uvicorn.main()
  File "D:\Project\542\AI Scam detection\.venv\lib\site-packages\click\core.py", line 1524, in __call__
    return self.main(*args, **kwargs)
  File "D:\Project\542\AI Scam detection\.venv\lib\site-packages\click\core.py", line 1445, in main
    rv = self.invoke(ctx)
  File "D:\Project\542\AI Scam detection\.venv\lib\site-packages\click\core.py", line 1308, in invoke
    return ctx.invoke(self.callback, **ctx.params)
  File "D:\Project\542\AI Scam detection\.venv\lib\site-packages\click\core.py", line 877, in invoke
    return callback(*args, **kwargs)
  File "D:\Project\542\AI Scam detection\.venv\lib\site-packages\uvicorn\main.py", line 441, in main
    run(
  File "D:\Project\542\AI Scam detection\.venv\lib\site-packages\uvicorn\main.py", line 609, in run
    config.load_app()
  File "D:\Project\542\AI Scam detection\.venv\lib\site-packages\uvicorn\config.py", line 415, in load_app
    return import_from_string(self.app)
  File "D:\Project\542\AI Scam detection\.venv\lib\site-packages\uvicorn\importer.py", line 19, in import_from_string
    module = importlib.import_module(module_str)
  File "C:\Users\user\AppData\Local\Programs\Python\Python310\lib\importlib\__init__.py", line 126, in import_module
    return _bootstrap._gcd_import(name[level:], package, level)
  File "<frozen importlib._bootstrap>", line 1050, in _gcd_import
  File "<frozen importlib._bootstrap>", line 1027, in _find_and_load
  File "<frozen importlib._bootstrap>", line 1006, in _find_and_load_unlocked
  File "<frozen importlib._bootstrap>", line 688, in _load_unlocked
  File "<frozen importlib._bootstrap_external>", line 883, in exec_module
  File "<frozen importlib._bootstrap>", line 241, in _call_with_frames_removed
  File "d:\Project\542\AI Scam detection\api.py", line 31, in <module>
    ocr_reader = easyocr.Reader(['ms', 'en'], gpu=torch.cuda.is_available())
  File "D:\Project\542\AI Scam detection\.venv\lib\site-packages\easyocr\easyocr.py", line 178, in __init__
    download_and_unzip(model['url'], model['filename'], self.model_storage_directory, verbose)
  File "D:\Project\542\AI Scam detection\.venv\lib\site-packages\easyocr\utils.py", line 628, in download_and_unzip
    urlretrieve(url, zip_path, reporthook=reporthook)
  File "C:\Users\user\AppData\Local\Programs\Python\Python310\lib\urllib\request.py", line 277, in urlretrieve
    reporthook(blocknum, bs, size)
  File "D:\Project\542\AI Scam detection\.venv\lib\site-packages\easyocr\utils.py", line 728, in progress_hook
    print(f'\r{prefix} |{bar}| {percent}% {suffix}', end='')
  File "C:\Users\user\AppData\Local\Programs\Python\Python310\lib\encodings\cp1252.py", line 19, in encode
    return codecs.charmap_encode(input,self.errors,encoding_table)[0]
UnicodeEncodeError: 'charmap' codec can't encode character '\u2588' in position 12: character maps to <undefined>
